\BOOKMARK [1][-]{section.1}{Introduction}{}% 1
\BOOKMARK [2][-]{subsection.1.1}{Motivation}{section.1}% 2
\BOOKMARK [1][-]{section.2}{An Overview of Event-B}{}% 3
\BOOKMARK [2][-]{subsection.2.1}{An Event-B Model}{section.2}% 4
\BOOKMARK [2][-]{subsection.2.2}{Machine Decomposition and Event Synchronization}{section.2}% 5
\BOOKMARK [1][-]{section.3}{Tasking Event-B: AutoTask and Shared Machines}{}% 6
\BOOKMARK [2][-]{subsection.3.1}{Task Scheduling}{section.3}% 7
\BOOKMARK [2][-]{subsection.3.2}{Flow Control}{section.3}% 8
\BOOKMARK [2][-]{subsection.3.3}{Events}{section.3}% 9
\BOOKMARK [2][-]{subsection.3.4}{Event Synchronization}{section.3}% 10
\BOOKMARK [1][-]{section.4}{Tasking Event-B: AutoTask and Environ Machines}{}% 11
\BOOKMARK [1][-]{section.5}{Case Study}{}% 12
\BOOKMARK [2][-]{subsection.5.1}{Overview of the System}{section.5}% 13
\BOOKMARK [2][-]{subsection.5.2}{System Development}{section.5}% 14
\BOOKMARK [3][-]{subsubsection.5.2.1}{First Decomposition}{subsection.5.2}% 15
\BOOKMARK [3][-]{subsubsection.5.2.2}{Second Decomposition}{subsection.5.2}% 16
\BOOKMARK [2][-]{subsection.5.3}{Tasking Event-B}{section.5}% 17
\BOOKMARK [1][-]{section.6}{Writing Directly to Memory Locations}{}% 18
\BOOKMARK [1][-]{section.7}{Implementing the TaskBody Construct}{}% 19
\BOOKMARK [2][-]{subsection.7.1}{Parallel to Sequential semantics}{section.7}% 20
\BOOKMARK [1][-]{section.8}{Implementing Synchronized Events}{}% 21
\BOOKMARK [2][-]{subsection.8.1}{ProcedureSynch Events}{section.8}% 22
\BOOKMARK [2][-]{subsection.8.2}{Sensing and Actuating Events}{section.8}% 23
\BOOKMARK [2][-]{subsection.8.3}{Addressed Variables}{section.8}% 24
\BOOKMARK [1][-]{section.9}{Generating and Executing Code}{}% 25
\BOOKMARK [1][-]{section.10}{Conclusions}{}% 26
\BOOKMARK [2][-]{subsection.10.1}{discussion}{section.10}% 27
\BOOKMARK [2][-]{subsection.10.2}{Related Work}{section.10}% 28
