\BOOKMARK [1][-]{section.1}{Introduction}{}% 1
\BOOKMARK [2][-]{subsection.1.1}{Event-B}{section.1}% 2
\BOOKMARK [2][-]{subsection.1.2}{Related Approaches}{section.1}% 3
\BOOKMARK [2][-]{subsection.1.3}{Code Generation Rationale}{section.1}% 4
\BOOKMARK [2][-]{subsection.1.4}{Targets for Code Generation}{section.1}% 5
\BOOKMARK [1][-]{section.2}{More about Event-B}{}% 6
\BOOKMARK [2][-]{subsection.2.1}{Refinement}{section.2}% 7
\BOOKMARK [2][-]{subsection.2.2}{Decomposition and Composition}{section.2}% 8
\BOOKMARK [2][-]{subsection.2.3}{Theories}{section.2}% 9
\BOOKMARK [2][-]{subsection.2.4}{ProB}{section.2}% 10
\BOOKMARK [1][-]{section.3}{Tasking Event-B}{}% 11
\BOOKMARK [2][-]{subsection.3.1}{The Language and Semantics}{section.3}% 12
\BOOKMARK [2][-]{subsection.3.2}{Theories for TEB}{section.3}% 13
\BOOKMARK [2][-]{subsection.3.3}{State-machines}{section.3}% 14
\BOOKMARK [1][-]{section.4}{Tooling}{}% 15
\BOOKMARK [2][-]{subsection.4.1}{The Rodin Platform and Eclipse}{section.4}% 16
\BOOKMARK [2][-]{subsection.4.2}{IL1/CLM}{section.4}% 17
\BOOKMARK [2][-]{subsection.4.3}{Templates}{section.4}% 18
\BOOKMARK [2][-]{subsection.4.4}{Interfaces}{section.4}% 19
\BOOKMARK [1][-]{section.5}{Conclusions}{}% 20
